[     593ms] [ERROR] Failed to load resource: the server responded with a status of 404 () @ https://groww.in/mutual-funds/parag-parikh-flexi-cap-fund-direct-growth:0
[     637ms] [ERROR] Loading the script 'https://static.cloudflareinsights.com/beacon.min.js/v8c78df7c7c0f484497ecbca7046644da1771523124516' violates the following Content Security Policy directive: "script-src 'self' 'nonce-Kr6zLWLxz43ZnPyBspWMdHMB+DEmP7A9mzkFbEwWj5Y=' https://*.groww.in/ https://*.growwinfra.in/ wss://*.groww.in/ wss://groww.in/ https://*.freshchat.com/ https://*.webengage.com/ http://cdn.widgets.webengage.com/ https://connect.facebook.net/ https://*.razorpay.com/ https://d2yyd1h5u9mauk.cloudfront.net/integrations/web/v1/library/ https://storage.googleapis.com/ https://www.googletagmanager.com/ https://tagmanager.google.com https://www.google-analytics.com/ https://ssl.google-analytics.com https://stats.g.doubleclick.net/ https://googleads.g.doubleclick.net/ https://www.googleadservices.com/ https://*.google.com/ https://www.google.co.in/ https://fonts.googleapis.com/ https://www.youtube.com/ https://www.youtube.com/iframe_api https://www.youtube-nocookie.com/ https://*.ingest.sentry.io https://hv-camera-web-sg.s3-ap-southeast-1.amazonaws.com/ https://hv-central-config.s3.ap-south-1.amazonaws.com/ https://hypersnapweb.hyperverge.co/ https://microapps.onemoney.in/ https://webrd.onemoney.in/ https://unpkg.com/ https://cdnjs.cloudflare.com/ https://www.gstatic.com/ https://bat.bing.com/ https://*.appsflyer.com/ https://www.clarity.ms/ https://*.ampproject.org/". Note that 'script-src-elem' was not explicitly set, so 'script-src' is used as a fallback. The action has been blocked. @ https://groww.in/mutual-funds/parag-parikh-flexi-cap-fund-direct-growth:0
[    1493ms] [LOG] %c            ..:---====---:..
         :-==================-:
      .-========================-.
    .-============================-.
   :================================:
  -================================-:.
 :===============================-:....
.==============================-:...:::
-============================-:...:::::.
==========-:--=============-:...::::::::
=======-:......::--======-:...::::::---:
-==--:.....::::.....:::-:...::::::-----:
.-:.....::::::::::::......::::::-------.
 ....:::::::::::::::::::::::::--------:
  .::::::::----:::::::::::::---------:
   .::::------------::::::----------:
     :-----------------------------.
      .:------------------------:.
         .:------------------:.
             .::--------::.
 font-size: 10px; line-height: 0.4; @ https://assets-netstorage.groww.in/web-assets/billion_groww_desktop/prod/_next/static/chunks/pages/_app-0414aa57c5ccadc7.js:12
[    1494ms] [INFO] %c Desktop Version : 7.4.9 font-size: 12px;font-family: monospace;background: white;display: inline-block;color: black;padding: 8px 19px;border: 1px dashed; @ https://assets-netstorage.groww.in/web-assets/billion_groww_desktop/prod/_next/static/chunks/pages/_app-0414aa57c5ccadc7.js:12
[    1541ms] [ERROR] Executing inline script violates the following Content Security Policy directive 'script-src 'self' 'nonce-Kr6zLWLxz43ZnPyBspWMdHMB+DEmP7A9mzkFbEwWj5Y=' https://*.groww.in/ https://*.growwinfra.in/ wss://*.groww.in/ wss://groww.in/ https://*.freshchat.com/ https://*.webengage.com/ http://cdn.widgets.webengage.com/ https://connect.facebook.net/ https://*.razorpay.com/ https://d2yyd1h5u9mauk.cloudfront.net/integrations/web/v1/library/ https://storage.googleapis.com/ https://www.googletagmanager.com/ https://tagmanager.google.com https://www.google-analytics.com/ https://ssl.google-analytics.com https://stats.g.doubleclick.net/ https://googleads.g.doubleclick.net/ https://www.googleadservices.com/ https://*.google.com/ https://www.google.co.in/ https://fonts.googleapis.com/ https://www.youtube.com/ https://www.youtube.com/iframe_api https://www.youtube-nocookie.com/ https://*.ingest.sentry.io https://hv-camera-web-sg.s3-ap-southeast-1.amazonaws.com/ https://hv-central-config.s3.ap-south-1.amazonaws.com/ https://hypersnapweb.hyperverge.co/ https://microapps.onemoney.in/ https://webrd.onemoney.in/ https://unpkg.com/ https://cdnjs.cloudflare.com/ https://www.gstatic.com/ https://bat.bing.com/ https://*.appsflyer.com/ https://www.clarity.ms/ https://*.ampproject.org/'. Either the 'unsafe-inline' keyword, a hash ('sha256-/u07jDWmCqJbh9MLCCZ0to5igvoPA8Qf8RnJTwXFFTY='), or a nonce ('nonce-...') is required to enable inline execution. The action has been blocked. @ https://www.googletagmanager.com/gtm.js?refresh=1&id=GTM-T7VTWPR:871
[    2326ms] [ERROR] Loading the image 'https://www.google.de/ads/ga-audiences?v=1&t=sr&slf_rd=1&_r=4&tid=G-BNCSRMD1F4&cid=1585662438.1775964404&gtm=45je6481v874960561z878354069za20gzb78354069zd78354069&rcb=19&aip=1&dma=1&dma_cps=a&gcd=13l3l3l2l1l1&npa=1&frm=0&tag_exp=0~115616985~115938466~115938469&z=376067958' violates the following Content Security Policy directive: "img-src 'self' data: blob: https://groww.in/ https://*.groww.in/ https://img.youtube.com/ https://i.ytimg.com https://i3.ytimg.com https://s3.amazonaws.com/cdn.freshdesk.com/ https://viewlogo.s3.amazonaws.com/ https://wchat.freshchat.com/ https://www.google-analytics.com/ https://*.googleapis.com/ https://*.googleusercontent.com/ https://www.google.com/ https://www.google-analytics.com https://www.google.com/ads/ga-audiences https://www.googletagmanager.com https://ssl.gstatic.com https://www.gstatic.com https://stats.g.doubleclick.net/ https://www.google.co.in/ads/ga-audiences https://*.ingest.sentry.io https://hv-camera-web-sg.s3-ap-southeast-1.amazonaws.com/ https://hv-central-config.s3.ap-south-1.amazonaws.com/ https://hypersnapweb.hyperverge.co/ https://microapps.onemoney.in/ https://webrd.onemoney.in/ https://*.freshdesk.com/ https://bat.bing.com/ https://www.google.co.in/pagead/ https://*.ignosis.ai/ https://*.ignosis.in/ https://*.ampproject.org/ https://*.autochartist.com/". The action has been blocked. @ https://groww.in/mutual-funds/parag-parikh-flexi-cap-fund-direct-growth:0
[    2897ms] [WARNING] [DEPRECATED] Default export is deprecated. Instead use `import { create } from 'zustand'`. @ https://assets-netstorage.groww.in/web-assets/billion_groww_desktop/prod/_next/static/chunks/pages/_app-0414aa57c5ccadc7.js:12
[    2899ms] [WARNING] [DEPRECATED] Default export is deprecated. Instead use `import { create } from 'zustand'`. @ https://assets-netstorage.groww.in/web-assets/billion_groww_desktop/prod/_next/static/chunks/pages/_app-0414aa57c5ccadc7.js:12
[    2930ms] [WARNING] [DEPRECATED] Default export is deprecated. Instead use `import { create } from 'zustand'`. @ https://assets-netstorage.groww.in/web-assets/billion_groww_desktop/prod/_next/static/chunks/pages/_app-0414aa57c5ccadc7.js:12
[    2947ms] [WARNING] [DEPRECATED] Default export is deprecated. Instead use `import { create } from 'zustand'`. @ https://assets-netstorage.groww.in/web-assets/billion_groww_desktop/prod/_next/static/chunks/pages/_app-0414aa57c5ccadc7.js:12
[    2948ms] [WARNING] [DEPRECATED] Default export is deprecated. Instead use `import { create } from 'zustand'`. @ https://assets-netstorage.groww.in/web-assets/billion_groww_desktop/prod/_next/static/chunks/pages/_app-0414aa57c5ccadc7.js:12
[    2956ms] [WARNING] [DEPRECATED] `getStorage`, `serialize` and `deserialize` options are deprecated. Use `storage` option instead. @ https://assets-netstorage.groww.in/web-assets/billion_groww_desktop/prod/_next/static/chunks/pages/_app-0414aa57c5ccadc7.js:12
[    3671ms] [ERROR] Not signed in with the identity provider. @ https://groww.in/mutual-funds/parag-parikh-flexi-cap-fund-direct-growth:0
[    3954ms] [ERROR] [GSI_LOGGER]: FedCM get() rejects with NetworkError: Error retrieving a token. @ https://assets-netstorage.groww.in/web-assets/billion_groww_desktop/prod/_next/static/chunks/pages/_app-0414aa57c5ccadc7.js:12
